<?xml version="1.0" encoding="utf-8"?><testsuites name="pytest tests"><testsuite name="pytest" errors="0" failures="0" skipped="0" tests="26" time="5.560" timestamp="2026-05-05T05:19:04.127557+00:00" hostname="agent-env-05f1406e-96f4-4604-94fb-8d8aba5c37ba"><testcase classname="backend.tests.test_fel_os_education.TestEducationTracks" name="test_list_tracks_returns_4" time="0.201" /><testcase classname="backend.tests.test_fel_os_education.TestEducationTracks" name="test_track_detail_no_answer_leak" time="0.109" /><testcase classname="backend.tests.test_fel_os_education.TestEducationTracks" name="test_lesson_quiz_strips_correct" time="0.121" /><testcase classname="backend.tests.test_fel_os_education.TestEducationTracks" name="test_unknown_track_returns_404" time="0.205" /><testcase classname="backend.tests.test_fel_os_education.TestAuthGating" name="test_requires_auth[post-/api/education/tracks/common_core/lesson/cc_math_1/submit]" time="0.134" /><testcase classname="backend.tests.test_fel_os_education.TestAuthGating" name="test_requires_auth[get-/api/education/progress]" time="0.113" /><testcase classname="backend.tests.test_fel_os_education.TestAuthGating" name="test_requires_auth[get-/api/education/kinesiology/eligibility]" time="0.118" /><testcase classname="backend.tests.test_fel_os_education.TestAuthGating" name="test_requires_auth[post-/api/education/kinesiology/final-assessment/submit]" time="0.099" /><testcase classname="backend.tests.test_fel_os_education.TestAuthGating" name="test_requires_auth[post-/api/education/kinesiology/certify]" time="0.130" /><testcase classname="backend.tests.test_fel_os_education.TestAuthGating" name="test_requires_auth[post-/api/education/bio-digital/complete-module]" time="0.122" /><testcase classname="backend.tests.test_fel_os_education.TestAuthGating" name="test_requires_auth[post-/api/education/brain-brawl/launch]" time="0.095" /><testcase classname="backend.tests.test_fel_os_education.TestAuthGating" name="test_requires_auth[get-/api/system-scan/unified]" time="0.104" /><testcase classname="backend.tests.test_fel_os_education.TestLessonSubmit" name="test_submit_wrong_length_400" time="0.099" /><testcase classname="backend.tests.test_fel_os_education.TestLessonSubmit" name="test_pass_awards_xp_once" time="0.434" /><testcase classname="backend.tests.test_fel_os_education.TestLessonSubmit" name="test_fail_does_not_complete" time="0.125" /><testcase classname="backend.tests.test_fel_os_education.TestProgress" name="test_progress_returns_4_tracks" time="0.108" /><testcase classname="backend.tests.test_fel_os_education.TestKinesiologyHappyPath" name="test_complete_flow" time="1.980" /><testcase classname="backend.tests.test_fel_os_education.TestKinesiologyLowPRQ" name="test_prq_gate_blocks" time="0.208" /><testcase classname="backend.tests.test_fel_os_education.TestExistingUserIdempotent" name="test_already_issued" time="0.112" /><testcase classname="backend.tests.test_fel_os_education.TestBrainBrawl" name="test_launch_returns_deep_link" time="0.163" /><testcase classname="backend.tests.test_fel_os_education.TestUnifiedScan" name="test_four_quadrants" time="0.109" /><testcase classname="backend.tests.test_fel_os_education.TestRefactorRegression" name="test_health" time="0.121" /><testcase classname="backend.tests.test_fel_os_education.TestRefactorRegression" name="test_registry_venues" time="0.138" /><testcase classname="backend.tests.test_fel_os_education.TestRefactorRegression" name="test_games_modes" time="0.107" /><testcase classname="backend.tests.test_fel_os_education.TestRefactorRegression" name="test_cards" time="0.101" /><testcase classname="backend.tests.test_fel_os_education.TestRefactorRegression" name="test_sovereign_status" time="0.107" /></testsuite></testsuites>