<?xml version="1.0" encoding="utf-8"?><testsuites name="pytest tests"><testsuite name="pytest" errors="0" failures="1" skipped="0" tests="23" time="3.687" timestamp="2026-04-17T23:56:31.777421+00:00" hostname="agent-env-05f1406e-96f4-4604-94fb-8d8aba5c37ba"><testcase classname="backend.tests.test_iteration4_e3ds.TestStreamingStatus" name="test_streaming_status_returns_mode_maps" time="0.168" /><testcase classname="backend.tests.test_iteration4_e3ds.TestStreamingStatus" name="test_streaming_status_has_required_fields" time="0.106" /><testcase classname="backend.tests.test_iteration4_e3ds.TestStreamingStatus" name="test_streaming_status_supported_modes_count" time="0.154" /><testcase classname="backend.tests.test_iteration4_e3ds.TestStreamingConnect" name="test_connect_requires_auth" time="0.158" /><testcase classname="backend.tests.test_iteration4_e3ds.TestStreamingConnect" name="test_connect_requires_stream_url" time="0.109" /><testcase classname="backend.tests.test_iteration4_e3ds.TestStreamingConnect" name="test_connect_persists_url_and_updates_status" time="0.156" /><testcase classname="backend.tests.test_iteration4_e3ds.TestStreamingConnect" name="test_connect_with_iframe_url" time="0.114" /><testcase classname="backend.tests.test_iteration4_e3ds.TestStreamingLaunchMode" name="test_launch_mode_requires_auth" time="0.099" /><testcase classname="backend.tests.test_iteration4_e3ds.TestStreamingLaunchMode" name="test_launch_mode_returns_correct_map_basketball" time="0.109" /><testcase classname="backend.tests.test_iteration4_e3ds.TestStreamingLaunchMode" name="test_launch_mode_returns_correct_map_karate" time="0.122" /><testcase classname="backend.tests.test_iteration4_e3ds.TestStreamingLaunchMode" name="test_launch_mode_returns_correct_map_soccer" time="0.151" /><testcase classname="backend.tests.test_iteration4_e3ds.TestStreamingLaunchMode" name="test_launch_mode_returns_correct_map_surfing" time="0.100" /><testcase classname="backend.tests.test_iteration4_e3ds.TestStreamingLaunchMode" name="test_launch_mode_returns_404_for_invalid_mode" time="0.102" /><testcase classname="backend.tests.test_iteration4_e3ds.TestStreamingLaunchMode" name="test_launch_mode_returns_404_for_shop_mode" time="0.143" /><testcase classname="backend.tests.test_iteration4_e3ds.TestStreamingLaunchMode" name="test_launch_mode_all_15_modes" time="0.811" /><testcase classname="backend.tests.test_iteration4_e3ds.TestPreviousFeaturesStillWorking" name="test_game_modes_endpoint" time="0.114" /><testcase classname="backend.tests.test_iteration4_e3ds.TestPreviousFeaturesStillWorking" name="test_creator_cards_endpoint" time="0.145" /><testcase classname="backend.tests.test_iteration4_e3ds.TestPreviousFeaturesStillWorking" name="test_streaks_endpoint" time="0.106"><failure message="assert 500 == 200&#10; +  where 500 = &lt;Response [500]&gt;.status_code">backend/tests/test_iteration4_e3ds.py:261: in test_streaks_endpoint
    assert response.status_code == 200
E   assert 500 == 200
E    +  where 500 = &lt;Response [500]&gt;.status_code</failure></testcase><testcase classname="backend.tests.test_iteration4_e3ds.TestPreviousFeaturesStillWorking" name="test_social_athletes_endpoint" time="0.125" /><testcase classname="backend.tests.test_iteration4_e3ds.TestPreviousFeaturesStillWorking" name="test_tournaments_endpoint" time="0.103" /><testcase classname="backend.tests.test_iteration4_e3ds.TestPreviousFeaturesStillWorking" name="test_leaderboard_endpoint" time="0.108" /><testcase classname="backend.tests.test_iteration4_e3ds.TestPreviousFeaturesStillWorking" name="test_education_courses_endpoint" time="0.143" /><testcase classname="backend.tests.test_iteration4_e3ds.TestPreviousFeaturesStillWorking" name="test_health_endpoint" time="0.116" /></testsuite></testsuites>