<?xml version="1.0" encoding="utf-8"?><testsuites name="pytest tests"><testsuite name="pytest" errors="0" failures="0" skipped="0" tests="25" time="2.227" timestamp="2026-04-17T22:31:11.602437+00:00" hostname="agent-env-05f1406e-96f4-4604-94fb-8d8aba5c37ba"><testcase classname="backend.tests.test_iteration3_features.TestStreaksAPI" name="test_get_streak_data" time="0.130" /><testcase classname="backend.tests.test_iteration3_features.TestStreaksAPI" name="test_streak_checkin" time="0.131" /><testcase classname="backend.tests.test_iteration3_features.TestStreaksAPI" name="test_streak_rewards" time="0.053" /><testcase classname="backend.tests.test_iteration3_features.TestPayPalAPI" name="test_create_payment_order" time="0.718" /><testcase classname="backend.tests.test_iteration3_features.TestPayPalAPI" name="test_create_payment_invalid_amount" time="0.049" /><testcase classname="backend.tests.test_iteration3_features.TestPayPalAPI" name="test_payment_history" time="0.046" /><testcase classname="backend.tests.test_iteration3_features.TestSocialAPI" name="test_get_athletes" time="0.044" /><testcase classname="backend.tests.test_iteration3_features.TestSocialAPI" name="test_search_athletes" time="0.046" /><testcase classname="backend.tests.test_iteration3_features.TestSocialAPI" name="test_create_challenge" time="0.050" /><testcase classname="backend.tests.test_iteration3_features.TestSocialAPI" name="test_get_challenges" time="0.048" /><testcase classname="backend.tests.test_iteration3_features.TestSocialAPI" name="test_get_activity_feed" time="0.053" /><testcase classname="backend.tests.test_iteration3_features.TestTournamentsAPI" name="test_get_tournaments" time="0.048" /><testcase classname="backend.tests.test_iteration3_features.TestTournamentsAPI" name="test_get_single_tournament" time="0.044" /><testcase classname="backend.tests.test_iteration3_features.TestTournamentsAPI" name="test_tournament_not_found" time="0.052" /><testcase classname="backend.tests.test_iteration3_features.TestTournamentsAPI" name="test_join_tournament" time="0.046" /><testcase classname="backend.tests.test_iteration3_features.TestAvatarAPI" name="test_get_avatar_options" time="0.043" /><testcase classname="backend.tests.test_iteration3_features.TestAvatarAPI" name="test_get_avatar_config" time="0.046" /><testcase classname="backend.tests.test_iteration3_features.TestAvatarAPI" name="test_update_avatar_config" time="0.046" /><testcase classname="backend.tests.test_iteration3_features.TestVideoCritiqueAPI" name="test_get_critiques" time="0.046" /><testcase classname="backend.tests.test_iteration3_features.TestVideoCritiqueAPI" name="test_submit_critique_request" time="0.043" /><testcase classname="backend.tests.test_iteration3_features.TestExistingFeaturesRegression" name="test_all_17_game_modes" time="0.049" /><testcase classname="backend.tests.test_iteration3_features.TestExistingFeaturesRegression" name="test_auth_protection_still_works" time="0.149" /><testcase classname="backend.tests.test_iteration3_features.TestExistingFeaturesRegression" name="test_creator_cards_still_work" time="0.054" /><testcase classname="backend.tests.test_iteration3_features.TestExistingFeaturesRegression" name="test_education_courses_still_work" time="0.045" /><testcase classname="backend.tests.test_iteration3_features.TestExistingFeaturesRegression" name="test_leaderboard_still_works" time="0.046" /></testsuite></testsuites>