<?xml version="1.0" encoding="utf-8"?><testsuites name="pytest tests"><testsuite name="pytest" errors="0" failures="1" skipped="0" tests="43" time="5.634" timestamp="2026-04-18T04:33:06.777395+00:00" hostname="agent-env-05f1406e-96f4-4604-94fb-8d8aba5c37ba"><testcase classname="backend.tests.test_iteration5_quality_gates.TestGate1DefaultEngineIni" name="test_defaultengine_ini_exists" time="0.419" /><testcase classname="backend.tests.test_iteration5_quality_gates.TestGate1DefaultEngineIni" name="test_defaultengine_has_pixel_streaming_section" time="0.000" /><testcase classname="backend.tests.test_iteration5_quality_gates.TestGate1DefaultEngineIni" name="test_defaultengine_has_pixel_streaming_2_settings" time="0.000" /><testcase classname="backend.tests.test_iteration5_quality_gates.TestGate1DefaultEngineIni" name="test_defaultengine_has_e3ds_iframe_config" time="0.000" /><testcase classname="backend.tests.test_iteration5_quality_gates.TestGate1DefaultEngineIni" name="test_defaultengine_has_encoder_settings" time="0.000" /><testcase classname="backend.tests.test_iteration5_quality_gates.TestGate1DefaultEngineIni" name="test_defaultengine_has_webrtc_settings" time="0.000" /><testcase classname="backend.tests.test_iteration5_quality_gates.TestGate1DefaultEngineIni" name="test_defaultengine_has_game_mode_maps" time="0.001"><failure message="AssertionError: Missing Brain Brawl venue&#10;assert ('Neuro_Arena' in '; ═══════════════════════════════════════════════════════════════\n; Final Evolution Lab — DefaultEngine.ini\n; UE 5.7 Pixel Streaming 2 · Eagle 3D Streaming (E3DS) Compatible\n; ═══════════════════════════════════════════════════════════════\n; Place in: UnrealStarter/BasketballGame/Config/DefaultEngine.ini\n; Validated for E3DS iframe embed + postMessage communication\n; ═══════════════════════════════════════════════════════════════\n\n[/Script/PixelStreamingServers.PixelStreamingServers]\n; E3DS manages the signalling server externally — disable built-in\nbUseInternalSignalling=False\n\n[PixelStreaming]\n; ── Core Streaming ──────────────────────────────────────────\nAllowPixelStreamingCommands=true\nPixelStreamingIP=0.0.0.0\nPixelStreamingPort=8888\n\n; ── Encoder (NVENC for E3DS RTX 4080 / RTX 3070) ──────────\nEncoder.TargetBitrate=20000000\nEncoder.MaxBitrate=30000000\nEncoder.MinQP=18\nEncoder.MaxQP=36\nEncoder.RateControl=CBR\nEncoder.KeyframeInterval=300\nEncoder.Codec=H264\nEncoder.EnableFillerData=true\n\n; ── WebRTC (tuned for E3DS iframe latency) ─────────────────\nWebRTC.DisableReceiveAudio=false\nWebRTC.DisableTransmitAudio=false\nWebRTC.DisableReceiveVideo=fals...ps correspond to E3DS launch-mode API:\n; basketball_h2h/dunk/3v3  → /Game/FEL/Maps/Venice_Beach_Court\n; karate_h2h/endless        → /Game/FEL/Maps/Zen_Dojo\n; baseball                  → /Game/FEL/Maps/Baseball_Park\n; football                  → /Game/FEL/Maps/Gridiron_Stadium\n; soccer                    → /Game/FEL/Maps/Soccer_Stadium\n; golf                      → /Game/FEL/Maps/Links_Course\n; tennis                    → /Game/FEL/Maps/Tennis_Court\n; volleyball                → /Game/FEL/Maps/Sand_Court\n; gymnastics                → /Game/FEL/Maps/Training_Floor\n; surfing                   → /Game/FEL/Maps/Venice_Beach_Surf\n; skateboarding             → /Game/FEL/Maps/Skate_Park\n; snowboarding              → /Game/FEL/Maps/Mountain_Slope\n\n[/Script/Engine.RendererSettings]\n; Lumen GI + Nanite (RTX 4080 capable)\nr.Lumen.HardwareRayTracing=1\nr.Nanite.Enabled=1\nr.RayTracing=1\nr.VirtualShadowMaps.Enable=1\n\n; ── Anti-aliasing (TSR for streaming quality) ──────────────\nr.AntiAliasingMethod=4\nr.TSR.Quality=3\n\n[Audio]\n; Audio streaming through WebRTC\nAudioMixerClassName=/Script/AudioMixerPlatformAudioUnit.AudioMixerPlatformAudioUnit\nbEnableAudioStreaming=true\n' or 'brain_brawl' in '; ═══════════════════════════════════════════════════════════════\n; Final Evolution Lab — DefaultEngine.ini\n; UE 5.7 Pixel Streaming 2 · Eagle 3D Streaming (E3DS) Compatible\n; ═══════════════════════════════════════════════════════════════\n; Place in: UnrealStarter/BasketballGame/Config/DefaultEngine.ini\n; Validated for E3DS iframe embed + postMessage communication\n; ═══════════════════════════════════════════════════════════════\n\n[/Script/PixelStreamingServers.PixelStreamingServers]\n; E3DS manages the signalling server externally — disable built-in\nbUseInternalSignalling=False\n\n[PixelStreaming]\n; ── Core Streaming ──────────────────────────────────────────\nAllowPixelStreamingCommands=true\nPixelStreamingIP=0.0.0.0\nPixelStreamingPort=8888\n\n; ── Encoder (NVENC for E3DS RTX 4080 / RTX 3070) ──────────\nEncoder.TargetBitrate=20000000\nEncoder.MaxBitrate=30000000\nEncoder.MinQP=18\nEncoder.MaxQP=36\nEncoder.RateControl=CBR\nEncoder.KeyframeInterval=300\nEncoder.Codec=H264\nEncoder.EnableFillerData=true\n\n; ── WebRTC (tuned for E3DS iframe latency) ─────────────────\nWebRTC.DisableReceiveAudio=false\nWebRTC.DisableTransmitAudio=false\nWebRTC.DisableReceiveVideo=fals...ps correspond to E3DS launch-mode API:\n; basketball_h2h/dunk/3v3  → /Game/FEL/Maps/Venice_Beach_Court\n; karate_h2h/endless        → /Game/FEL/Maps/Zen_Dojo\n; baseball                  → /Game/FEL/Maps/Baseball_Park\n; football                  → /Game/FEL/Maps/Gridiron_Stadium\n; soccer                    → /Game/FEL/Maps/Soccer_Stadium\n; golf                      → /Game/FEL/Maps/Links_Course\n; tennis                    → /Game/FEL/Maps/Tennis_Court\n; volleyball                → /Game/FEL/Maps/Sand_Court\n; gymnastics                → /Game/FEL/Maps/Training_Floor\n; surfing                   → /Game/FEL/Maps/Venice_Beach_Surf\n; skateboarding             → /Game/FEL/Maps/Skate_Park\n; snowboarding              → /Game/FEL/Maps/Mountain_Slope\n\n[/Script/Engine.RendererSettings]\n; Lumen GI + Nanite (RTX 4080 capable)\nr.Lumen.HardwareRayTracing=1\nr.Nanite.Enabled=1\nr.RayTracing=1\nr.VirtualShadowMaps.Enable=1\n\n; ── Anti-aliasing (TSR for streaming quality) ──────────────\nr.AntiAliasingMethod=4\nr.TSR.Quality=3\n\n[Audio]\n; Audio streaming through WebRTC\nAudioMixerClassName=/Script/AudioMixerPlatformAudioUnit.AudioMixerPlatformAudioUnit\nbEnableAudioStreaming=true\n')">backend/tests/test_iteration5_quality_gates.py:136: in test_defaultengine_has_game_mode_maps
    assert "Neuro_Arena" in content or "brain_brawl" in content, "Missing Brain Brawl venue"
E   AssertionError: Missing Brain Brawl venue
E   assert ('Neuro_Arena' in '; ═══════════════════════════════════════════════════════════════\n; Final Evolution Lab — DefaultEngine.ini\n; UE 5.7 Pixel Streaming 2 · Eagle 3D Streaming (E3DS) Compatible\n; ═══════════════════════════════════════════════════════════════\n; Place in: UnrealStarter/BasketballGame/Config/DefaultEngine.ini\n; Validated for E3DS iframe embed + postMessage communication\n; ═══════════════════════════════════════════════════════════════\n\n[/Script/PixelStreamingServers.PixelStreamingServers]\n; E3DS manages the signalling server externally — disable built-in\nbUseInternalSignalling=False\n\n[PixelStreaming]\n; ── Core Streaming ──────────────────────────────────────────\nAllowPixelStreamingCommands=true\nPixelStreamingIP=0.0.0.0\nPixelStreamingPort=8888\n\n; ── Encoder (NVENC for E3DS RTX 4080 / RTX 3070) ──────────\nEncoder.TargetBitrate=20000000\nEncoder.MaxBitrate=30000000\nEncoder.MinQP=18\nEncoder.MaxQP=36\nEncoder.RateControl=CBR\nEncoder.KeyframeInterval=300\nEncoder.Codec=H264\nEncoder.EnableFillerData=true\n\n; ── WebRTC (tuned for E3DS iframe latency) ─────────────────\nWebRTC.DisableReceiveAudio=false\nWebRTC.DisableTransmitAudio=false\nWebRTC.DisableReceiveVideo=fals...ps correspond to E3DS launch-mode API:\n; basketball_h2h/dunk/3v3  → /Game/FEL/Maps/Venice_Beach_Court\n; karate_h2h/endless        → /Game/FEL/Maps/Zen_Dojo\n; baseball                  → /Game/FEL/Maps/Baseball_Park\n; football                  → /Game/FEL/Maps/Gridiron_Stadium\n; soccer                    → /Game/FEL/Maps/Soccer_Stadium\n; golf                      → /Game/FEL/Maps/Links_Course\n; tennis                    → /Game/FEL/Maps/Tennis_Court\n; volleyball                → /Game/FEL/Maps/Sand_Court\n; gymnastics                → /Game/FEL/Maps/Training_Floor\n; surfing                   → /Game/FEL/Maps/Venice_Beach_Surf\n; skateboarding             → /Game/FEL/Maps/Skate_Park\n; snowboarding              → /Game/FEL/Maps/Mountain_Slope\n\n[/Script/Engine.RendererSettings]\n; Lumen GI + Nanite (RTX 4080 capable)\nr.Lumen.HardwareRayTracing=1\nr.Nanite.Enabled=1\nr.RayTracing=1\nr.VirtualShadowMaps.Enable=1\n\n; ── Anti-aliasing (TSR for streaming quality) ──────────────\nr.AntiAliasingMethod=4\nr.TSR.Quality=3\n\n[Audio]\n; Audio streaming through WebRTC\nAudioMixerClassName=/Script/AudioMixerPlatformAudioUnit.AudioMixerPlatformAudioUnit\nbEnableAudioStreaming=true\n' or 'brain_brawl' in '; ═══════════════════════════════════════════════════════════════\n; Final Evolution Lab — DefaultEngine.ini\n; UE 5.7 Pixel Streaming 2 · Eagle 3D Streaming (E3DS) Compatible\n; ═══════════════════════════════════════════════════════════════\n; Place in: UnrealStarter/BasketballGame/Config/DefaultEngine.ini\n; Validated for E3DS iframe embed + postMessage communication\n; ═══════════════════════════════════════════════════════════════\n\n[/Script/PixelStreamingServers.PixelStreamingServers]\n; E3DS manages the signalling server externally — disable built-in\nbUseInternalSignalling=False\n\n[PixelStreaming]\n; ── Core Streaming ──────────────────────────────────────────\nAllowPixelStreamingCommands=true\nPixelStreamingIP=0.0.0.0\nPixelStreamingPort=8888\n\n; ── Encoder (NVENC for E3DS RTX 4080 / RTX 3070) ──────────\nEncoder.TargetBitrate=20000000\nEncoder.MaxBitrate=30000000\nEncoder.MinQP=18\nEncoder.MaxQP=36\nEncoder.RateControl=CBR\nEncoder.KeyframeInterval=300\nEncoder.Codec=H264\nEncoder.EnableFillerData=true\n\n; ── WebRTC (tuned for E3DS iframe latency) ─────────────────\nWebRTC.DisableReceiveAudio=false\nWebRTC.DisableTransmitAudio=false\nWebRTC.DisableReceiveVideo=fals...ps correspond to E3DS launch-mode API:\n; basketball_h2h/dunk/3v3  → /Game/FEL/Maps/Venice_Beach_Court\n; karate_h2h/endless        → /Game/FEL/Maps/Zen_Dojo\n; baseball                  → /Game/FEL/Maps/Baseball_Park\n; football                  → /Game/FEL/Maps/Gridiron_Stadium\n; soccer                    → /Game/FEL/Maps/Soccer_Stadium\n; golf                      → /Game/FEL/Maps/Links_Course\n; tennis                    → /Game/FEL/Maps/Tennis_Court\n; volleyball                → /Game/FEL/Maps/Sand_Court\n; gymnastics                → /Game/FEL/Maps/Training_Floor\n; surfing                   → /Game/FEL/Maps/Venice_Beach_Surf\n; skateboarding             → /Game/FEL/Maps/Skate_Park\n; snowboarding              → /Game/FEL/Maps/Mountain_Slope\n\n[/Script/Engine.RendererSettings]\n; Lumen GI + Nanite (RTX 4080 capable)\nr.Lumen.HardwareRayTracing=1\nr.Nanite.Enabled=1\nr.RayTracing=1\nr.VirtualShadowMaps.Enable=1\n\n; ── Anti-aliasing (TSR for streaming quality) ──────────────\nr.AntiAliasingMethod=4\nr.TSR.Quality=3\n\n[Audio]\n; Audio streaming through WebRTC\nAudioMixerClassName=/Script/AudioMixerPlatformAudioUnit.AudioMixerPlatformAudioUnit\nbEnableAudioStreaming=true\n')</failure></testcase><testcase classname="backend.tests.test_iteration5_quality_gates.TestGate2MultiplayerRooms" name="test_get_multiplayer_rooms" time="0.195" /><testcase classname="backend.tests.test_iteration5_quality_gates.TestGate2MultiplayerRooms" name="test_create_multiplayer_room_requires_auth" time="0.145" /><testcase classname="backend.tests.test_iteration5_quality_gates.TestGate2MultiplayerRooms" name="test_create_multiplayer_room" time="0.191" /><testcase classname="backend.tests.test_iteration5_quality_gates.TestGate2MultiplayerRooms" name="test_join_room_requires_auth" time="0.149" /><testcase classname="backend.tests.test_iteration5_quality_gates.TestGate2MultiplayerRooms" name="test_spectate_room_requires_auth" time="0.148" /><testcase classname="backend.tests.test_iteration5_quality_gates.TestGate3ReferralSystem" name="test_generate_referral_code_requires_auth" time="0.115" /><testcase classname="backend.tests.test_iteration5_quality_gates.TestGate3ReferralSystem" name="test_generate_referral_code" time="0.116" /><testcase classname="backend.tests.test_iteration5_quality_gates.TestGate3ReferralSystem" name="test_get_referral_stats_requires_auth" time="0.108" /><testcase classname="backend.tests.test_iteration5_quality_gates.TestGate3ReferralSystem" name="test_get_referral_stats" time="0.181" /><testcase classname="backend.tests.test_iteration5_quality_gates.TestGate3ReferralSystem" name="test_redeem_referral_requires_auth" time="0.158" /><testcase classname="backend.tests.test_iteration5_quality_gates.TestGate3ReferralSystem" name="test_redeem_invalid_code" time="0.120" /><testcase classname="backend.tests.test_iteration5_quality_gates.TestGate3ReferralSystem" name="test_redeem_own_code_fails" time="0.232" /><testcase classname="backend.tests.test_iteration5_quality_gates.TestGate3ReferralSystem" name="test_payout_requires_auth" time="0.137" /><testcase classname="backend.tests.test_iteration5_quality_gates.TestGate3ReferralSystem" name="test_payout_enforces_minimum" time="0.101" /><testcase classname="backend.tests.test_iteration5_quality_gates.TestGate4SpectatorMode" name="test_get_spectator_config" time="0.149" /><testcase classname="backend.tests.test_iteration5_quality_gates.TestGate4SpectatorMode" name="test_spectator_config_has_focus_lock" time="0.109" /><testcase classname="backend.tests.test_iteration5_quality_gates.TestGate4SpectatorMode" name="test_spectator_focus_lock_interval_500ms" time="0.099" /><testcase classname="backend.tests.test_iteration5_quality_gates.TestGate4SpectatorMode" name="test_spectator_config_has_e3ds_commands" time="0.108" /><testcase classname="backend.tests.test_iteration5_quality_gates.TestGate4SpectatorMode" name="test_spectator_config_has_iframe_focus_fix" time="0.109" /><testcase classname="backend.tests.test_iteration5_quality_gates.TestGate4SpectatorMode" name="test_spectator_config_invalid_tournament" time="0.156" /><testcase classname="backend.tests.test_iteration5_quality_gates.TestGate5AnalyticsSovereignSync" name="test_get_analytics_policy" time="0.117" /><testcase classname="backend.tests.test_iteration5_quality_gates.TestGate5AnalyticsSovereignSync" name="test_analytics_policy_tracks_13_venues" time="0.104" /><testcase classname="backend.tests.test_iteration5_quality_gates.TestGate5AnalyticsSovereignSync" name="test_analytics_policy_sovereign_sync_m4_pro" time="0.104" /><testcase classname="backend.tests.test_iteration5_quality_gates.TestGate5AnalyticsSovereignSync" name="test_log_analytics_session_requires_auth" time="0.099" /><testcase classname="backend.tests.test_iteration5_quality_gates.TestGate5AnalyticsSovereignSync" name="test_log_analytics_session" time="0.107" /><testcase classname="backend.tests.test_iteration5_quality_gates.TestGate5AnalyticsSovereignSync" name="test_get_analytics_dashboard_requires_auth" time="0.113" /><testcase classname="backend.tests.test_iteration5_quality_gates.TestGate5AnalyticsSovereignSync" name="test_get_analytics_dashboard" time="0.105" /><testcase classname="backend.tests.test_iteration5_quality_gates.TestGate5AnalyticsSovereignSync" name="test_trigger_sovereign_sync_requires_auth" time="0.112" /><testcase classname="backend.tests.test_iteration5_quality_gates.TestGate5AnalyticsSovereignSync" name="test_trigger_sovereign_sync" time="0.115" /><testcase classname="backend.tests.test_iteration5_quality_gates.TestPreviousFeaturesRegression" name="test_health_endpoint" time="0.102" /><testcase classname="backend.tests.test_iteration5_quality_gates.TestPreviousFeaturesRegression" name="test_game_modes_still_working" time="0.107" /><testcase classname="backend.tests.test_iteration5_quality_gates.TestPreviousFeaturesRegression" name="test_creator_cards_still_working" time="0.125" /><testcase classname="backend.tests.test_iteration5_quality_gates.TestPreviousFeaturesRegression" name="test_tournaments_still_working" time="0.105" /><testcase classname="backend.tests.test_iteration5_quality_gates.TestPreviousFeaturesRegression" name="test_leaderboard_still_working" time="0.150" /><testcase classname="backend.tests.test_iteration5_quality_gates.TestPreviousFeaturesRegression" name="test_streaming_status_still_working" time="0.146" /><testcase classname="backend.tests.test_iteration5_quality_gates.TestPreviousFeaturesRegression" name="test_education_courses_still_working" time="0.505" /></testsuite></testsuites>