<?xml version="1.0" encoding="utf-8"?><testsuites name="pytest tests"><testsuite name="pytest" errors="0" failures="0" skipped="0" tests="28" time="16.907" timestamp="2026-04-17T21:18:37.588472+00:00" hostname="agent-env-05f1406e-96f4-4604-94fb-8d8aba5c37ba"><testcase classname="backend.tests.test_final_evolution_lab.TestHealthEndpoints" name="test_root_endpoint" time="0.246" /><testcase classname="backend.tests.test_final_evolution_lab.TestHealthEndpoints" name="test_health_endpoint" time="0.046" /><testcase classname="backend.tests.test_final_evolution_lab.TestAuthProtection" name="test_auth_me_requires_token" time="0.126" /><testcase classname="backend.tests.test_final_evolution_lab.TestAuthProtection" name="test_profile_requires_token" time="0.114" /><testcase classname="backend.tests.test_final_evolution_lab.TestAuthProtection" name="test_prq_metrics_requires_token" time="0.108" /><testcase classname="backend.tests.test_final_evolution_lab.TestGameModes" name="test_get_all_game_modes" time="0.068" /><testcase classname="backend.tests.test_final_evolution_lab.TestGameModes" name="test_get_single_game_mode" time="0.048" /><testcase classname="backend.tests.test_final_evolution_lab.TestGameModes" name="test_game_mode_not_found" time="0.045" /><testcase classname="backend.tests.test_final_evolution_lab.TestCreatorCards" name="test_get_all_cards" time="0.052" /><testcase classname="backend.tests.test_final_evolution_lab.TestCreatorCards" name="test_get_single_card" time="0.055" /><testcase classname="backend.tests.test_final_evolution_lab.TestCoachHub" name="test_get_available_coaches" time="0.048" /><testcase classname="backend.tests.test_final_evolution_lab.TestEducation" name="test_get_all_courses" time="0.051" /><testcase classname="backend.tests.test_final_evolution_lab.TestEducation" name="test_filter_courses_by_category" time="0.049" /><testcase classname="backend.tests.test_final_evolution_lab.TestBrainBrawl" name="test_get_questions" time="0.045" /><testcase classname="backend.tests.test_final_evolution_lab.TestBrainBrawl" name="test_get_questions_by_category" time="0.044" /><testcase classname="backend.tests.test_final_evolution_lab.TestLeaderboard" name="test_get_leaderboard" time="0.050" /><testcase classname="backend.tests.test_final_evolution_lab.TestPixelStreaming" name="test_streaming_status" time="0.047" /><testcase classname="backend.tests.test_final_evolution_lab.TestAuthenticatedEndpoints" name="test_auth_me" time="0.047" /><testcase classname="backend.tests.test_final_evolution_lab.TestAuthenticatedEndpoints" name="test_prq_metrics" time="0.047" /><testcase classname="backend.tests.test_final_evolution_lab.TestAuthenticatedEndpoints" name="test_profile_progress" time="0.050" /><testcase classname="backend.tests.test_final_evolution_lab.TestAuthenticatedEndpoints" name="test_stats_overview" time="0.050" /><testcase classname="backend.tests.test_final_evolution_lab.TestAIEndpoints" name="test_ai_chat_endpoint" time="6.878" /><testcase classname="backend.tests.test_final_evolution_lab.TestAIEndpoints" name="test_ai_coach_endpoint" time="8.146" /><testcase classname="backend.tests.test_final_evolution_lab.TestProfileUpdate" name="test_update_profile" time="0.050" /><testcase classname="backend.tests.test_final_evolution_lab.TestWorkouts" name="test_recommended_workouts" time="0.052" /><testcase classname="backend.tests.test_final_evolution_lab.TestWorkouts" name="test_log_workout" time="0.059" /><testcase classname="backend.tests.test_final_evolution_lab.TestGameSession" name="test_create_game_session" time="0.055" /><testcase classname="backend.tests.test_final_evolution_lab.TestBrainBrawlSubmit" name="test_submit_brain_brawl" time="0.054" /></testsuite></testsuites>