<?xml version="1.0" encoding="utf-8"?><testsuites name="pytest tests"><testsuite name="pytest" errors="0" failures="0" skipped="0" tests="36" time="3.020" timestamp="2026-04-18T06:18:48.651623+00:00" hostname="agent-env-05f1406e-96f4-4604-94fb-8d8aba5c37ba"><testcase classname="backend.tests.test_iteration6_sovereign.TestDirective6LiveConnectionPreview" name="test_sovereign_status_endpoint_exists" time="0.186" /><testcase classname="backend.tests.test_iteration6_sovereign.TestDirective6LiveConnectionPreview" name="test_websocket_status_waiting_for_connection" time="0.105" /><testcase classname="backend.tests.test_iteration6_sovereign.TestDirective6LiveConnectionPreview" name="test_database_status_ready" time="0.138" /><testcase classname="backend.tests.test_iteration6_sovereign.TestDirective6LiveConnectionPreview" name="test_database_has_13_venues" time="0.156" /><testcase classname="backend.tests.test_iteration6_sovereign.TestDirective6LiveConnectionPreview" name="test_encryption_aes_256_gcm" time="0.143" /><testcase classname="backend.tests.test_iteration6_sovereign.TestDirective6LiveConnectionPreview" name="test_focus_lock_and_keepalive_interval" time="0.100" /><testcase classname="backend.tests.test_iteration6_sovereign.TestDirective6LiveConnectionPreview" name="test_ini_config_block" time="0.097" /><testcase classname="backend.tests.test_iteration6_sovereign.TestDirective6LiveConnectionPreview" name="test_monetization_referral_system_active" time="0.107" /><testcase classname="backend.tests.test_iteration6_sovereign.TestDirective6LiveConnectionPreview" name="test_server_version_and_uptime" time="0.139" /><testcase classname="backend.tests.test_iteration6_sovereign.TestDirective2DefaultGameIni" name="test_defaultgame_ini_exists" time="0.000" /><testcase classname="backend.tests.test_iteration6_sovereign.TestDirective2DefaultGameIni" name="test_emergent_block_exists" time="0.000" /><testcase classname="backend.tests.test_iteration6_sovereign.TestDirective2DefaultGameIni" name="test_focus_keepalive_true" time="0.000" /><testcase classname="backend.tests.test_iteration6_sovereign.TestDirective2DefaultGameIni" name="test_keepalive_interval_05" time="0.000" /><testcase classname="backend.tests.test_iteration6_sovereign.TestDirective2DefaultGameIni" name="test_vault_sync_true" time="0.000" /><testcase classname="backend.tests.test_iteration6_sovereign.TestDirective2DefaultGameIni" name="test_sovereign_encryption_aes256gcm" time="0.000" /><testcase classname="backend.tests.test_iteration6_sovereign.TestDirective4VenueRegistry" name="test_venue_registry_exists" time="0.000" /><testcase classname="backend.tests.test_iteration6_sovereign.TestDirective4VenueRegistry" name="test_venue_registry_has_13_venues" time="0.000" /><testcase classname="backend.tests.test_iteration6_sovereign.TestDirective4VenueRegistry" name="test_venue_registry_venues_list" time="0.000" /><testcase classname="backend.tests.test_iteration6_sovereign.TestDirective4VenueRegistry" name="test_venue_has_db_collection" time="0.000" /><testcase classname="backend.tests.test_iteration6_sovereign.TestDirective4VenueRegistry" name="test_vault_sync_config" time="0.000" /><testcase classname="backend.tests.test_iteration6_sovereign.TestDirective1WebSocketEndpoint" name="test_websocket_endpoint_documented" time="0.100" /><testcase classname="backend.tests.test_iteration6_sovereign.TestDirective3MonetizationSync" name="test_monetization_in_status" time="0.137" /><testcase classname="backend.tests.test_iteration6_sovereign.TestDirective3MonetizationSync" name="test_paypal_integration_sandbox" time="0.099" /><testcase classname="backend.tests.test_iteration6_sovereign.TestDirective5Encryption" name="test_encryption_algorithm" time="0.096" /><testcase classname="backend.tests.test_iteration6_sovereign.TestDirective5Encryption" name="test_encryption_transit" time="0.094" /><testcase classname="backend.tests.test_iteration6_sovereign.TestDirective5Encryption" name="test_encryption_at_rest" time="0.105" /><testcase classname="backend.tests.test_iteration6_sovereign.TestDirective5Encryption" name="test_cloudflare_tunnel_tls" time="0.099" /><testcase classname="backend.tests.test_iteration6_sovereign.TestRegressionPreviousFeatures" name="test_health_endpoint" time="0.109" /><testcase classname="backend.tests.test_iteration6_sovereign.TestRegressionPreviousFeatures" name="test_game_modes_endpoint" time="0.111" /><testcase classname="backend.tests.test_iteration6_sovereign.TestRegressionPreviousFeatures" name="test_creator_cards_endpoint" time="0.111" /><testcase classname="backend.tests.test_iteration6_sovereign.TestRegressionPreviousFeatures" name="test_tournaments_endpoint" time="0.103" /><testcase classname="backend.tests.test_iteration6_sovereign.TestRegressionPreviousFeatures" name="test_leaderboard_endpoint" time="0.141" /><testcase classname="backend.tests.test_iteration6_sovereign.TestRegressionPreviousFeatures" name="test_streaming_status_endpoint" time="0.135" /><testcase classname="backend.tests.test_iteration6_sovereign.TestRegressionPreviousFeatures" name="test_education_courses_endpoint" time="0.103" /><testcase classname="backend.tests.test_iteration6_sovereign.TestRegressionPreviousFeatures" name="test_multiplayer_rooms_endpoint" time="0.102" /><testcase classname="backend.tests.test_iteration6_sovereign.TestRegressionPreviousFeatures" name="test_analytics_policy_endpoint" time="0.097" /></testsuite></testsuites>