<?xml version="1.0" encoding="utf-8"?><testsuites name="pytest tests"><testsuite name="pytest" errors="0" failures="0" skipped="0" tests="26" time="23.112" timestamp="2026-05-05T05:50:38.197578+00:00" hostname="agent-env-05f1406e-96f4-4604-94fb-8d8aba5c37ba"><testcase classname="backend.tests.test_iteration8_biofuel_pass.TestMongoIndexes" name="test_education_progress_unique_compound_index" time="0.013" /><testcase classname="backend.tests.test_iteration8_biofuel_pass.TestMongoIndexes" name="test_brain_brawl_launches_ttl_index" time="0.001" /><testcase classname="backend.tests.test_iteration8_biofuel_pass.TestSovereignHandshake" name="test_verify_returns_expected_payload" time="0.150" /><testcase classname="backend.tests.test_iteration8_biofuel_pass.TestFelOsPass" name="test_pass_png_returns_valid_image" time="0.305" /><testcase classname="backend.tests.test_iteration8_biofuel_pass.TestFelOsPass" name="test_pass_meta_returns_share_payload" time="0.216" /><testcase classname="backend.tests.test_iteration8_biofuel_pass.TestFelOsPass" name="test_pass_png_404_unknown_user" time="0.106" /><testcase classname="backend.tests.test_iteration8_biofuel_pass.TestBiofuelPublic" name="test_recipes_list_with_5_intents_5_recipes" time="0.107" /><testcase classname="backend.tests.test_iteration8_biofuel_pass.TestBiofuelPublic" name="test_recipes_filtered_by_intent" time="0.137" /><testcase classname="backend.tests.test_iteration8_biofuel_pass.TestBiofuelPublic" name="test_recipe_detail_post_dunk_bowl" time="0.119" /><testcase classname="backend.tests.test_iteration8_biofuel_pass.TestBiofuelAuthGating" name="test_auth_required[/api/biofuel/today-GET-None]" time="0.126" /><testcase classname="backend.tests.test_iteration8_biofuel_pass.TestBiofuelAuthGating" name="test_auth_required[/api/biofuel/cues-GET-None]" time="0.124" /><testcase classname="backend.tests.test_iteration8_biofuel_pass.TestBiofuelAuthGating" name="test_auth_required[/api/biofuel/scan-POST-body2]" time="0.109" /><testcase classname="backend.tests.test_iteration8_biofuel_pass.TestBiofuelAuthGating" name="test_auth_required[/api/biofuel/log-POST-body3]" time="0.114" /><testcase classname="backend.tests.test_iteration8_biofuel_pass.TestBiofuelAuthGating" name="test_auth_required[/api/biofuel/instacart-cart-POST-body4]" time="0.119" /><testcase classname="backend.tests.test_iteration8_biofuel_pass.TestBiofuelAuthGating" name="test_auth_required[/api/biofuel/doordash-search-POST-body5]" time="0.107" /><testcase classname="backend.tests.test_iteration8_biofuel_pass.TestBiofuelAuthenticated" name="test_today_returns_target_consumed_pct" time="0.128" /><testcase classname="backend.tests.test_iteration8_biofuel_pass.TestBiofuelAuthenticated" name="test_cues_supportive_tone" time="0.123" /><testcase classname="backend.tests.test_iteration8_biofuel_pass.TestBiofuelAuthenticated" name="test_log_appends_and_today_reflects" time="0.314" /><testcase classname="backend.tests.test_iteration8_biofuel_pass.TestBiofuelAuthenticated" name="test_scan_invalid_model_400" time="0.118" /><testcase classname="backend.tests.test_iteration8_biofuel_pass.TestBiofuelAuthenticated" name="test_scan_real_food_image[gemini-2.5-flash]" time="16.351" /><testcase classname="backend.tests.test_iteration8_biofuel_pass.TestBiofuelAuthenticated" name="test_scan_real_food_image[gpt-5.2]" time="3.481" /><testcase classname="backend.tests.test_iteration8_biofuel_pass.TestBiofuelAuthenticated" name="test_instacart_cart_valid_recipe" time="0.107" /><testcase classname="backend.tests.test_iteration8_biofuel_pass.TestBiofuelAuthenticated" name="test_instacart_cart_unknown_recipe_404" time="0.142" /><testcase classname="backend.tests.test_iteration8_biofuel_pass.TestBiofuelAuthenticated" name="test_doordash_search_macro_filtered" time="0.110" /><testcase classname="backend.tests.test_iteration8_biofuel_pass.TestUnifiedAndStatus" name="test_system_scan_unified_includes_biofuel" time="0.104" /><testcase classname="backend.tests.test_iteration8_biofuel_pass.TestUnifiedAndStatus" name="test_sovereign_status_includes_biofuel_block" time="0.106" /></testsuite></testsuites>